# JRE version: OpenJDK Runtime Environment Temurin-21.0.6+7 (21.0.6+7) (build 21.0.6+7-LTS)
# Java VM: OpenJDK 64-Bit Server VM Temurin-21.0.6+7 (21.0.6+7-LTS, mixed mode, sharing, tiered, compressed oops, compressed class ptrs, parallel gc, windows-amd64)
GC Precious Log:
 CardTable entry size: 512
 CPUs: 4 total, 4 available
 Memory: 8047M
 Large Page Support: Disabled
 NUMA Support: Disabled
 Compressed Oops: Enabled (32-bit)
 Alignments: Space 512K, Generation 512K, Heap 2M
 Heap Min Capacity: 100M
 Heap Initial Capacity: 100M
 Heap Max Capacity: 1G
 Pre-touch: Disabled
 Parallel Workers: 4
Heap:
 PSYoungGen      total 7168K, used 6944K [0x00000000eab00000, 0x00000000eb380000, 0x0000000100000000)
  eden space 5632K, 100% used [0x00000000eab00000,0x00000000eb080000,0x00000000eb080000)
  from space 1536K, 85% used [0x00000000eb080000,0x00000000eb1c8000,0x00000000eb200000)
  to   space 1536K, 89% used [0x00000000eb200000,0x00000000eb355df8,0x00000000eb380000)
 ParOldGen       total 109056K, used 108903K [0x00000000c0000000, 0x00000000c6a80000, 0x00000000eab00000)
  object space 109056K, 99% used [0x00000000c0000000,0x00000000c6a59fe0,0x00000000c6a80000)
 Metaspace       used 65745K, committed 67200K, reserved 1114112K
  class space    used 6969K, committed 7616K, reserved 1048576K
GC Heap History (20 events):
Event: 67.983 GC heap before
{Heap before GC invocations=61 (full 3):
 PSYoungGen      total 9728K, used 9727K [0x00000000eab00000, 0x00000000ebb80000, 0x0000000100000000)
  eden space 7680K, 100% used [0x00000000eab00000,0x00000000eb280000,0x00000000eb280000)
  from space 2048K, 99% used [0x00000000eb280000,0x00000000eb47fea0,0x00000000eb480000)
  to   space 4608K, 0% used [0x00000000eb700000,0x00000000eb700000,0x00000000ebb80000)
 ParOldGen       total 91648K, used 91384K [0x00000000c0000000, 0x00000000c5980000, 0x00000000eab00000)
  object space 91648K, 99% used [0x00000000c0000000,0x00000000c593e3f0,0x00000000c5980000)
 Metaspace       used 65739K, committed 67200K, reserved 1114112K
  class space    used 6969K, committed 7616K, reserved 1048576K
}
Event: 67.988 GC heap after
{Heap after GC invocations=61 (full 3):
 PSYoungGen      total 9728K, used 1982K [0x00000000eab00000, 0x00000000eb900000, 0x0000000100000000)
  eden space 7680K, 0% used [0x00000000eab00000,0x00000000eab00000,0x00000000eb280000)
  from space 2048K, 96% used [0x00000000eb700000,0x00000000eb8efbd8,0x00000000eb900000)
  to   space 3072K, 0% used [0x00000000eb300000,0x00000000eb300000,0x00000000eb600000)
 ParOldGen       total 93696K, used 93369K [0x00000000c0000000, 0x00000000c5b80000, 0x00000000eab00000)
  object space 93696K, 99% used [0x00000000c0000000,0x00000000c5b2e670,0x00000000c5b80000)
 Metaspace       used 65739K, committed 67200K, reserved 1114112K
  class space    used 6969K, committed 7616K, reserved 1048576K
}
Event: 68.086 GC heap before
{Heap before GC invocations=62 (full 3):
 PSYoungGen      total 9728K, used 9662K [0x00000000eab00000, 0x00000000eb900000, 0x0000000100000000)
  eden space 7680K, 100% used [0x00000000eab00000,0x00000000eb280000,0x00000000eb280000)
  from space 2048K, 96% used [0x00000000eb700000,0x00000000eb8efbd8,0x00000000eb900000)
  to   space 3072K, 0% used [0x00000000eb300000,0x00000000eb300000,0x00000000eb600000)
 ParOldGen       total 93696K, used 93369K [0x00000000c0000000, 0x00000000c5b80000, 0x00000000eab00000)
  object space 93696K, 99% used [0x00000000c0000000,0x00000000c5b2e670,0x00000000c5b80000)
 Metaspace       used 65740K, committed 67200K, reserved 1114112K
  class space    used 6969K, committed 7616K, reserved 1048576K
}
Event: 68.089 GC heap after
{Heap after GC invocations=62 (full 3):
 PSYoungGen      total 9728K, used 1893K [0x00000000eab00000, 0x00000000eb780000, 0x0000000100000000)
  eden space 7680K, 0% used [0x00000000eab00000,0x00000000eab00000,0x00000000eb280000)
  from space 2048K, 92% used [0x00000000eb300000,0x00000000eb4d94a8,0x00000000eb500000)
  to   space 2048K, 0% used [0x00000000eb580000,0x00000000eb580000,0x00000000eb780000)
 ParOldGen       total 95744K, used 95257K [0x00000000c0000000, 0x00000000c5d80000, 0x00000000eab00000)
  object space 95744K, 99% used [0x00000000c0000000,0x00000000c5d067e8,0x00000000c5d80000)
 Metaspace       used 65740K, committed 67200K, reserved 1114112K
  class space    used 6969K, committed 7616K, reserved 1048576K
}
Event: 68.193 GC heap before
{Heap before GC invocations=63 (full 3):
 PSYoungGen      total 9728K, used 9573K [0x00000000eab00000, 0x00000000eb780000, 0x0000000100000000)
  eden space 7680K, 100% used [0x00000000eab00000,0x00000000eb280000,0x00000000eb280000)
  from space 2048K, 92% used [0x00000000eb300000,0x00000000eb4d94a8,0x00000000eb500000)
  to   space 2048K, 0% used [0x00000000eb580000,0x00000000eb580000,0x00000000eb780000)
 ParOldGen       total 95744K, used 95257K [0x00000000c0000000, 0x00000000c5d80000, 0x00000000eab00000)
  object space 95744K, 99% used [0x00000000c0000000,0x00000000c5d067e8,0x00000000c5d80000)
 Metaspace       used 65745K, committed 67200K, reserved 1114112K
  class space    used 6969K, committed 7616K, reserved 1048576K
}
Event: 68.199 GC heap after
{Heap after GC invocations=63 (full 3):
 PSYoungGen      total 9728K, used 1858K [0x00000000eab00000, 0x00000000eb780000, 0x0000000100000000)
  eden space 7680K, 0% used [0x00000000eab00000,0x00000000eab00000,0x00000000eb280000)
  from space 2048K, 90% used [0x00000000eb580000,0x00000000eb750928,0x00000000eb780000)
  to   space 2048K, 0% used [0x00000000eb300000,0x00000000eb300000,0x00000000eb500000)
 ParOldGen       total 97280K, used 97027K [0x00000000c0000000, 0x00000000c5f00000, 0x00000000eab00000)
  object space 97280K, 99% used [0x00000000c0000000,0x00000000c5ec0d58,0x00000000c5f00000)
 Metaspace       used 65745K, committed 67200K, reserved 1114112K
  class space    used 6969K, committed 7616K, reserved 1048576K
}
Event: 68.301 GC heap before
{Heap before GC invocations=64 (full 3):
 PSYoungGen      total 9728K, used 9538K [0x00000000eab00000, 0x00000000eb780000, 0x0000000100000000)
  eden space 7680K, 100% used [0x00000000eab00000,0x00000000eb280000,0x00000000eb280000)
  from space 2048K, 90% used [0x00000000eb580000,0x00000000eb750928,0x00000000eb780000)
  to   space 2048K, 0% used [0x00000000eb300000,0x00000000eb300000,0x00000000eb500000)
 ParOldGen       total 97280K, used 97027K [0x00000000c0000000, 0x00000000c5f00000, 0x00000000eab00000)
  object space 97280K, 99% used [0x00000000c0000000,0x00000000c5ec0d58,0x00000000c5f00000)
 Metaspace       used 65745K, committed 67200K, reserved 1114112K
  class space    used 6969K, committed 7616K, reserved 1048576K
}
Event: 68.305 GC heap after
{Heap after GC invocations=64 (full 3):
 PSYoungGen      total 9728K, used 1999K [0x00000000eab00000, 0x00000000eb680000, 0x0000000100000000)
  eden space 7680K, 0% used [0x00000000eab00000,0x00000000eab00000,0x00000000eb280000)
  from space 2048K, 97% used [0x00000000eb300000,0x00000000eb4f3c30,0x00000000eb500000)
  to   space 1536K, 0% used [0x00000000eb500000,0x00000000eb500000,0x00000000eb680000)
 ParOldGen       total 98816K, used 98782K [0x00000000c0000000, 0x00000000c6080000, 0x00000000eab00000)
  object space 98816K, 99% used [0x00000000c0000000,0x00000000c6077b40,0x00000000c6080000)
 Metaspace       used 65745K, committed 67200K, reserved 1114112K
  class space    used 6969K, committed 7616K, reserved 1048576K
}
Event: 68.418 GC heap before
{Heap before GC invocations=65 (full 3):
 PSYoungGen      total 9728K, used 9679K [0x00000000eab00000, 0x00000000eb680000, 0x0000000100000000)
  eden space 7680K, 100% used [0x00000000eab00000,0x00000000eb280000,0x00000000eb280000)
  from space 2048K, 97% used [0x00000000eb300000,0x00000000eb4f3c30,0x00000000eb500000)
  to   space 1536K, 0% used [0x00000000eb500000,0x00000000eb500000,0x00000000eb680000)
 ParOldGen       total 98816K, used 98782K [0x00000000c0000000, 0x00000000c6080000, 0x00000000eab00000)
  object space 98816K, 99% used [0x00000000c0000000,0x00000000c6077b40,0x00000000c6080000)
 Metaspace       used 65745K, committed 67200K, reserved 1114112K
  class space    used 6969K, committed 7616K, reserved 1048576K
}
Event: 68.422 GC heap after
{Heap after GC invocations=65 (full 3):
 PSYoungGen      total 7168K, used 1504K [0x00000000eab00000, 0x00000000ebb80000, 0x0000000100000000)
  eden space 5632K, 0% used [0x00000000eab00000,0x00000000eab00000,0x00000000eb080000)
  from space 1536K, 97% used [0x00000000eb500000,0x00000000eb6781d0,0x00000000eb680000)
  to   space 4608K, 0% used [0x00000000eb080000,0x00000000eb080000,0x00000000eb500000)
 ParOldGen       total 101376K, used 101143K [0x00000000c0000000, 0x00000000c6300000, 0x00000000eab00000)
  object space 101376K, 99% used [0x00000000c0000000,0x00000000c62c5d70,0x00000000c6300000)
 Metaspace       used 65745K, committed 67200K, reserved 1114112K
  class space    used 6969K, committed 7616K, reserved 1048576K
}
Event: 68.659 GC heap before
{Heap before GC invocations=66 (full 3):
 PSYoungGen      total 7168K, used 7136K [0x00000000eab00000, 0x00000000ebb80000, 0x0000000100000000)
  eden space 5632K, 100% used [0x00000000eab00000,0x00000000eb080000,0x00000000eb080000)
  from space 1536K, 97% used [0x00000000eb500000,0x00000000eb6781d0,0x00000000eb680000)
  to   space 4608K, 0% used [0x00000000eb080000,0x00000000eb080000,0x00000000eb500000)
 ParOldGen       total 101376K, used 101143K [0x00000000c0000000, 0x00000000c6300000, 0x00000000eab00000)
  object space 101376K, 99% used [0x00000000c0000000,0x00000000c62c5d70,0x00000000c6300000)
 Metaspace       used 65745K, committed 67200K, reserved 1114112K
  class space    used 6969K, committed 7616K, reserved 1048576K
}
Event: 68.664 GC heap after
{Heap after GC invocations=66 (full 3):
 PSYoungGen      total 7168K, used 1430K [0x00000000eab00000, 0x00000000eb580000, 0x0000000100000000)
  eden space 5632K, 0% used [0x00000000eab00000,0x00000000eab00000,0x00000000eb080000)
  from space 1536K, 93% used [0x00000000eb080000,0x00000000eb1e5b60,0x00000000eb200000)
  to   space 2560K, 0% used [0x00000000eb300000,0x00000000eb300000,0x00000000eb580000)
 ParOldGen       total 102912K, used 102635K [0x00000000c0000000, 0x00000000c6480000, 0x00000000eab00000)
  object space 102912K, 99% used [0x00000000c0000000,0x00000000c643ac68,0x00000000c6480000)
 Metaspace       used 65745K, committed 67200K, reserved 1114112K
  class space    used 6969K, committed 7616K, reserved 1048576K
}
Event: 68.821 GC heap before
{Heap before GC invocations=67 (full 3):
 PSYoungGen      total 7168K, used 7062K [0x00000000eab00000, 0x00000000eb580000, 0x0000000100000000)
  eden space 5632K, 100% used [0x00000000eab00000,0x00000000eb080000,0x00000000eb080000)
  from space 1536K, 93% used [0x00000000eb080000,0x00000000eb1e5b60,0x00000000eb200000)
  to   space 2560K, 0% used [0x00000000eb300000,0x00000000eb300000,0x00000000eb580000)
 ParOldGen       total 102912K, used 102635K [0x00000000c0000000, 0x00000000c6480000, 0x00000000eab00000)
  object space 102912K, 99% used [0x00000000c0000000,0x00000000c643ac68,0x00000000c6480000)
 Metaspace       used 65745K, committed 67200K, reserved 1114112K
  class space    used 6969K, committed 7616K, reserved 1048576K
}
Event: 68.823 GC heap after
{Heap after GC invocations=67 (full 3):
 PSYoungGen      total 7168K, used 1374K [0x00000000eab00000, 0x00000000eb480000, 0x0000000100000000)
  eden space 5632K, 0% used [0x00000000eab00000,0x00000000eab00000,0x00000000eb080000)
  from space 1536K, 89% used [0x00000000eb300000,0x00000000eb457b38,0x00000000eb480000)
  to   space 2048K, 0% used [0x00000000eb080000,0x00000000eb080000,0x00000000eb280000)
 ParOldGen       total 103936K, used 103928K [0x00000000c0000000, 0x00000000c6580000, 0x00000000eab00000)
  object space 103936K, 99% used [0x00000000c0000000,0x00000000c657e0c0,0x00000000c6580000)
 Metaspace       used 65745K, committed 67200K, reserved 1114112K
  class space    used 6969K, committed 7616K, reserved 1048576K
}
Event: 68.955 GC heap before
{Heap before GC invocations=68 (full 3):
 PSYoungGen      total 7168K, used 7006K [0x00000000eab00000, 0x00000000eb480000, 0x0000000100000000)
  eden space 5632K, 100% used [0x00000000eab00000,0x00000000eb080000,0x00000000eb080000)
  from space 1536K, 89% used [0x00000000eb300000,0x00000000eb457b38,0x00000000eb480000)
  to   space 2048K, 0% used [0x00000000eb080000,0x00000000eb080000,0x00000000eb280000)
 ParOldGen       total 103936K, used 103928K [0x00000000c0000000, 0x00000000c6580000, 0x00000000eab00000)
  object space 103936K, 99% used [0x00000000c0000000,0x00000000c657e0c0,0x00000000c6580000)
 Metaspace       used 65745K, committed 67200K, reserved 1114112K
  class space    used 6969K, committed 7616K, reserved 1048576K
}
Event: 68.959 GC heap after
{Heap after GC invocations=68 (full 3):
 PSYoungGen      total 7168K, used 1387K [0x00000000eab00000, 0x00000000eb380000, 0x0000000100000000)
  eden space 5632K, 0% used [0x00000000eab00000,0x00000000eab00000,0x00000000eb080000)
  from space 1536K, 90% used [0x00000000eb080000,0x00000000eb1daef0,0x00000000eb200000)
  to   space 1536K, 0% used [0x00000000eb200000,0x00000000eb200000,0x00000000eb380000)
 ParOldGen       total 105472K, used 105211K [0x00000000c0000000, 0x00000000c6700000, 0x00000000eab00000)
  object space 105472K, 99% used [0x00000000c0000000,0x00000000c66bec88,0x00000000c6700000)
 Metaspace       used 65745K, committed 67200K, reserved 1114112K
  class space    used 6969K, committed 7616K, reserved 1048576K
}
Event: 69.239 GC heap before
{Heap before GC invocations=69 (full 3):
 PSYoungGen      total 7168K, used 7019K [0x00000000eab00000, 0x00000000eb380000, 0x0000000100000000)
  eden space 5632K, 100% used [0x00000000eab00000,0x00000000eb080000,0x00000000eb080000)
  from space 1536K, 90% used [0x00000000eb080000,0x00000000eb1daef0,0x00000000eb200000)
  to   space 1536K, 0% used [0x00000000eb200000,0x00000000eb200000,0x00000000eb380000)
 ParOldGen       total 105472K, used 105211K [0x00000000c0000000, 0x00000000c6700000, 0x00000000eab00000)
  object space 105472K, 99% used [0x00000000c0000000,0x00000000c66bec88,0x00000000c6700000)
 Metaspace       used 65745K, committed 67200K, reserved 1114112K
  class space    used 6969K, committed 7616K, reserved 1048576K
}
Event: 69.243 GC heap after
{Heap after GC invocations=69 (full 3):
 PSYoungGen      total 7168K, used 1345K [0x00000000eab00000, 0x00000000eb380000, 0x0000000100000000)
  eden space 5632K, 0% used [0x00000000eab00000,0x00000000eab00000,0x00000000eb080000)
  from space 1536K, 87% used [0x00000000eb200000,0x00000000eb350410,0x00000000eb380000)
  to   space 1536K, 0% used [0x00000000eb080000,0x00000000eb080000,0x00000000eb200000)
 ParOldGen       total 107008K, used 106516K [0x00000000c0000000, 0x00000000c6880000, 0x00000000eab00000)
  object space 107008K, 99% used [0x00000000c0000000,0x00000000c6805098,0x00000000c6880000)
 Metaspace       used 65745K, committed 67200K, reserved 1114112K
  class space    used 6969K, committed 7616K, reserved 1048576K
}
Event: 69.479 GC heap before
{Heap before GC invocations=70 (full 3):
 PSYoungGen      total 7168K, used 6977K [0x00000000eab00000, 0x00000000eb380000, 0x0000000100000000)
  eden space 5632K, 100% used [0x00000000eab00000,0x00000000eb080000,0x00000000eb080000)
  from space 1536K, 87% used [0x00000000eb200000,0x00000000eb350410,0x00000000eb380000)
  to   space 1536K, 0% used [0x00000000eb080000,0x00000000eb080000,0x00000000eb200000)
 ParOldGen       total 107008K, used 106516K [0x00000000c0000000, 0x00000000c6880000, 0x00000000eab00000)
  object space 107008K, 99% used [0x00000000c0000000,0x00000000c6805098,0x00000000c6880000)
 Metaspace       used 65745K, committed 67200K, reserved 1114112K
  class space    used 6969K, committed 7616K, reserved 1048576K
}
Event: 69.482 GC heap after
{Heap after GC invocations=70 (full 3):
 PSYoungGen      total 7168K, used 1312K [0x00000000eab00000, 0x00000000eb380000, 0x0000000100000000)
  eden space 5632K, 0% used [0x00000000eab00000,0x00000000eab00000,0x00000000eb080000)
  from space 1536K, 85% used [0x00000000eb080000,0x00000000eb1c8000,0x00000000eb200000)
  to   space 1536K, 0% used [0x00000000eb200000,0x00000000eb200000,0x00000000eb380000)
 ParOldGen       total 108032K, used 107771K [0x00000000c0000000, 0x00000000c6980000, 0x00000000eab00000)
  object space 108032K, 99% used [0x00000000c0000000,0x00000000c693ec10,0x00000000c6980000)
 Metaspace       used 65745K, committed 67200K, reserved 1114112K
  class space    used 6969K, committed 7616K, reserved 1048576K
}

